
ROM used:   1490/8192 (18%)
            1490/8192 (18%) including unused fragments

            1.5 Average locations per line
            39.2 Average locations per statement

RAM used:   36/368 (10%) at main() level
            80/368 (22%) worst case

Stack used: 3 worst case (1 in main + 2 for interrupts)
Stack size: 8

Lines Stmts  %   Files
----- ----- ---  -----
   47    11  29  Servomotor + Potenciómetro.c
  810     0   0  ..\..\..\..\..\..\..\..\..\..\Program Files (x86)\PICCDEMO\Devices\16F887.h
  165    27  71  Servo.h
----- -----
 1022    38 Total

Page ROM  %  RAM    Vol Diff  Functions:
---- --- --- ---    --- ----  ----------
0     63   4    2    232  5.0  TIMER1_isr
0     32   2    6             @WRITEBITA
0     45   3    2    156  2.2  setup_servo
 Inline        12    491  5.9  set_servo_ms
0     63   4   10             @FLT
0    117   8   13             @MULFF
0    202  14   14             @DIVFF
0    321  22   16             @ADDFF
0     31   2    4             @SFTOI
0    256  17    5    150  4.0  set_servo_angle
0     29   2    2             @ITOF
0    149  10    4    260  2.8  MAIN
0    133   9   24    167  5.5  map
 Inline         0             @cinit1

Program metrics:
    Functions               6
    Statements              38
    Comments                266
    Volume (V)              2196
    Difficulty (D)          23.7
    Effort to implement (E) 52091
    Time to implement (T)   48 minutes
    Est Delivered Bugs (B)  0
    Cyclomatic Complexity   5
    Maintainability (MI)    71

 Segment     Used  Free
-----------  ----  ----
00000-00003     4  0  
00004-00030    45  0  
00031-007FF  1441  558  
00800-00FFF     0  2048  
01000-017FF     0  2048  
01800-01FFF     0  2048  



