
ROM used:   166/8192 (2%)
            166/8192 (2%) including unused fragments

            0.2 Average locations per line
            6.9 Average locations per statement

RAM used:   17/368 (5%) at main() level
            18/368 (5%) worst case

Stack used: 1 worst case (0 in main + 1 for interrupts)
Stack size: 8

Lines Stmts  %   Files
----- ----- ---  -----
   72    24 100  Servomotor + Potenciómetro.c
  684     0   0  ..\..\..\..\..\Program Files\PICC\Devices\16F877A.h
----- -----
  756    24 Total

Page ROM  %  RAM    Vol Diff  Functions:
---- --- --- ---    --- ----  ----------
0     15   9    1             @delay_us1
0     13   8    0     50  1.5  TIMER0_isr
0     91  55    1    450  4.7  MAIN
 Inline         0    706  4.8  @cinit1

Program metrics:
    Functions               3
    Statements              24
    Comments                150
    Volume (V)              1482
    Difficulty (D)          11.1
    Effort to implement (E) 16478
    Time to implement (T)   15 minutes
    Est Delivered Bugs (B)  0
    Cyclomatic Complexity   8
    Maintainability (MI)    54

 Segment     Used  Free
-----------  ----  ----
00000-00003     4  0  
00004-0002E    43  0  
0002F-007FF   119  1882  
00800-00FFF     0  2048  
01000-017FF     0  2048  
01800-01FFF     0  2048  



